<?xml version="1.0" encoding="UTF-8"?>
<testng-results ignored="0" total="1" passed="1" failed="0" skipped="0">
  <reporter-output>
  </reporter-output>
  <suite started-at="2023-03-19T14:50:12 IST" name="Suite" finished-at="2023-03-19T14:50:41 IST" duration-ms="28777">
    <groups>
    </groups>
    <test started-at="2023-03-19T14:50:12 IST" name="Test" finished-at="2023-03-19T14:50:41 IST" duration-ms="28777">
      <class name="com.vtiger.qa.TestCases.VerifyAccount">
        <test-method is-config="true" signature="setUp()[pri:0, instance:com.vtiger.qa.TestCases.VerifyAccount@316bcf94]" started-at="2023-03-19T14:50:12 IST" name="setUp" finished-at="2023-03-19T14:50:17 IST" duration-ms="4766" status="PASS">
          <reporter-output>
          </reporter-output>
        </test-method> <!-- setUp -->
        <test-method is-config="true" signature="BeforeMethod()[pri:0, instance:com.vtiger.qa.TestCases.VerifyAccount@316bcf94]" started-at="2023-03-19T14:50:17 IST" name="BeforeMethod" finished-at="2023-03-19T14:50:21 IST" duration-ms="4284" status="PASS">
          <reporter-output>
          </reporter-output>
        </test-method> <!-- BeforeMethod -->
        <test-method signature="tcValidateAccountCreation()[pri:0, instance:com.vtiger.qa.TestCases.VerifyAccount@316bcf94]" started-at="2023-03-19T14:50:21 IST" name="tcValidateAccountCreation" finished-at="2023-03-19T14:50:33 IST" duration-ms="11554" status="PASS">
          <reporter-output>
          </reporter-output>
        </test-method> <!-- tcValidateAccountCreation -->
        <test-method is-config="true" signature="AfterMethod()[pri:0, instance:com.vtiger.qa.TestCases.VerifyAccount@316bcf94]" started-at="2023-03-19T14:50:33 IST" name="AfterMethod" finished-at="2023-03-19T14:50:39 IST" duration-ms="6648" status="PASS">
          <reporter-output>
          </reporter-output>
        </test-method> <!-- AfterMethod -->
        <test-method is-config="true" signature="tearDown()[pri:0, instance:com.vtiger.qa.TestCases.VerifyAccount@316bcf94]" started-at="2023-03-19T14:50:39 IST" name="tearDown" finished-at="2023-03-19T14:50:41 IST" duration-ms="1418" status="PASS">
          <reporter-output>
          </reporter-output>
        </test-method> <!-- tearDown -->
      </class> <!-- com.vtiger.qa.TestCases.VerifyAccount -->
    </test> <!-- Test -->
  </suite> <!-- Suite -->
</testng-results>
